<?xml version="1.0" encoding="utf-8"?><testsuites name="pytest tests"><testsuite name="pytest" errors="0" failures="0" skipped="0" tests="10" time="58.799" timestamp="2026-09-08T12:29:54.339581+00:00" hostname="agent-env-6af0a78b-9a8d-4a60-9ccf-6fbcd232abe9"><testcase classname="tests.backend_test" name="test_auth_login_invalid" time="0.513" /><testcase classname="tests.backend_test" name="test_auth_me" time="0.569" /><testcase classname="tests.backend_test" name="test_plan_structure" time="24.806" /><testcase classname="tests.backend_test" name="test_plan_gear_has_required_and_basis" time="0.000" /><testcase classname="tests.backend_test" name="test_gear_scales_with_members" time="24.183" /><testcase classname="tests.backend_test" name="test_gear_scaling_basis_mentions_members" time="0.000" /><testcase classname="tests.backend_test" name="test_expedition_save_list_delete" time="0.595" /><testcase classname="tests.backend_test" name="test_phrases" time="7.231" /><testcase classname="tests.backend_test" name="test_legacy_checklist_template" time="0.165" /><testcase classname="tests.backend_test" name="test_unauthenticated_blocked" time="0.167" /></testsuite></testsuites>